This is pdfTeX, Version 3.1415926-2.4-1.40.13 (TeX Live 2012) (format=pdflatex 2014.6.4)  25 OCT 2014 23:36
entering extended mode
 restricted \write18 enabled.
 %&-line parsing enabled.
**enrichment.tex
(./enrichment.tex
LaTeX2e <2011/06/27>
Babel <v3.8m> and hyphenation patterns for english, dumylang, nohyphenation, ge
rman-x-2012-05-30, ngerman-x-2012-05-30, afrikaans, ancientgreek, ibycus, arabi
c, armenian, basque, bulgarian, catalan, pinyin, coptic, croatian, czech, danis
h, dutch, ukenglish, usenglishmax, esperanto, estonian, ethiopic, farsi, finnis
h, french, friulan, galician, german, ngerman, swissgerman, monogreek, greek, h
ungarian, icelandic, assamese, bengali, gujarati, hindi, kannada, malayalam, ma
rathi, oriya, panjabi, tamil, telugu, indonesian, interlingua, irish, italian, 
kurmanji, latin, latvian, lithuanian, mongolian, mongolianlmc, bokmal, nynorsk,
 polish, portuguese, romanian, romansh, russian, sanskrit, serbian, serbianc, s
lovak, slovenian, spanish, swedish, turkish, turkmen, ukrainian, uppersorbian, 
welsh, loaded.
(/Users/rrosales/Library/texmf/tex/latex/bioinfo/bioinfo.cls
Document Class: bioinfo 2003/02/08 0.1
(/usr/local/texlive/2012/texmf-dist/tex/latex/base/inputenc.sty
Package: inputenc 2008/03/30 v1.1d Input encoding file
\inpenc@prehook=\toks14
\inpenc@posthook=\toks15
)
(/usr/local/texlive/2012/texmf-dist/tex/latex/crop/crop.sty
Package: crop 2003/05/20 v1.9 crop marks (mf)
\stockwidth=\dimen102
\stockheight=\dimen103
\CROP@index=\count79

(/usr/local/texlive/2012/texmf-dist/tex/latex/graphics/color.sty
Package: color 2005/11/14 v1.0j Standard LaTeX Color (DPC)

(/usr/local/texlive/2012/texmf-dist/tex/latex/latexconfig/color.cfg
File: color.cfg 2007/01/18 v1.5 color configuration of teTeX/TeXLive
)
Package color Info: Driver file: pdftex.def on input line 130.

(/usr/local/texlive/2012/texmf-dist/tex/latex/pdftex-def/pdftex.def
File: pdftex.def 2011/05/27 v0.06d Graphics/color for pdfTeX

(/usr/local/texlive/2012/texmf-dist/tex/generic/oberdiek/infwarerr.sty
Package: infwarerr 2010/04/08 v1.3 Providing info/warning/error messages (HO)
)
(/usr/local/texlive/2012/texmf-dist/tex/generic/oberdiek/ltxcmds.sty
Package: ltxcmds 2011/11/09 v1.22 LaTeX kernel commands for general use (HO)
)
\Gread@gobject=\count80
))
(/usr/local/texlive/2012/texmf-dist/tex/latex/graphics/graphics.sty
Package: graphics 2009/02/05 v1.0o Standard LaTeX Graphics (DPC,SPQR)

(/usr/local/texlive/2012/texmf-dist/tex/latex/graphics/trig.sty
Package: trig 1999/03/16 v1.09 sin cos tan (DPC)
)
(/usr/local/texlive/2012/texmf-dist/tex/latex/latexconfig/graphics.cfg
File: graphics.cfg 2010/04/23 v1.9 graphics configuration of TeX Live
)
Package graphics Info: Driver file: pdftex.def on input line 91.
)
\CROP@offset=\count81
Package crop Info: Local config file crop.cfg used on input line 605.

(/usr/local/texlive/2012/texmf-dist/tex/xelatex/xetexconfig/crop.cfg))
(/usr/local/texlive/2012/texmf-dist/tex/latex/graphics/graphicx.sty
Package: graphicx 1999/02/16 v1.0f Enhanced LaTeX Graphics (DPC,SPQR)

(/usr/local/texlive/2012/texmf-dist/tex/latex/graphics/keyval.sty
Package: keyval 1999/03/16 v1.13 key=value parser (DPC)
\KV@toks@=\toks16
)
\Gin@req@height=\dimen104
\Gin@req@width=\dimen105
)
(/usr/local/texlive/2012/texmf-dist/tex/latex/amsmath/amsmath.sty
Package: amsmath 2000/07/18 v2.13 AMS math features
\@mathmargin=\skip41

For additional information on amsmath, use the `?' option.
(/usr/local/texlive/2012/texmf-dist/tex/latex/amsmath/amstext.sty
Package: amstext 2000/06/29 v2.01

(/usr/local/texlive/2012/texmf-dist/tex/latex/amsmath/amsgen.sty
File: amsgen.sty 1999/11/30 v2.0
\@emptytoks=\toks17
\ex@=\dimen106
))
(/usr/local/texlive/2012/texmf-dist/tex/latex/amsmath/amsbsy.sty
Package: amsbsy 1999/11/29 v1.2d
\pmbraise@=\dimen107
)
(/usr/local/texlive/2012/texmf-dist/tex/latex/amsmath/amsopn.sty
Package: amsopn 1999/12/14 v2.01 operator names
)
\inf@bad=\count82
LaTeX Info: Redefining \frac on input line 211.
\uproot@=\count83
\leftroot@=\count84
LaTeX Info: Redefining \overline on input line 307.
\classnum@=\count85
\DOTSCASE@=\count86
LaTeX Info: Redefining \ldots on input line 379.
LaTeX Info: Redefining \dots on input line 382.
LaTeX Info: Redefining \cdots on input line 467.
\Mathstrutbox@=\box26
\strutbox@=\box27
\big@size=\dimen108
LaTeX Font Info:    Redeclaring font encoding OML on input line 567.
LaTeX Font Info:    Redeclaring font encoding OMS on input line 568.
\macc@depth=\count87
\c@MaxMatrixCols=\count88
\dotsspace@=\muskip10
\c@parentequation=\count89
\dspbrk@lvl=\count90
\tag@help=\toks18
\row@=\count91
\column@=\count92
\maxfields@=\count93
\andhelp@=\toks19
\eqnshift@=\dimen109
\alignsep@=\dimen110
\tagshift@=\dimen111
\tagwidth@=\dimen112
\totwidth@=\dimen113
\lineht@=\dimen114
\@envbody=\toks20
\multlinegap=\skip42
\multlinetaggap=\skip43
\mathdisplay@stack=\toks21
LaTeX Info: Redefining \[ on input line 2666.
LaTeX Info: Redefining \] on input line 2667.
)
(/usr/local/texlive/2012/texmf-dist/tex/latex/tools/array.sty
Package: array 2008/09/09 v2.4c Tabular extension package (FMi)
\col@sep=\dimen115
\extrarowheight=\dimen116
\NC@list=\toks22
\extratabsurround=\skip44
\backup@length=\skip45
)
(/usr/local/texlive/2012/texmf-dist/tex/latex/amsfonts/amssymb.sty
Package: amssymb 2009/06/22 v3.00

(/usr/local/texlive/2012/texmf-dist/tex/latex/amsfonts/amsfonts.sty
Package: amsfonts 2009/06/22 v3.00 Basic AMSFonts support
\symAMSa=\mathgroup4
\symAMSb=\mathgroup5
LaTeX Font Info:    Overwriting math alphabet `\mathfrak' in version `bold'
(Font)                  U/euf/m/n --> U/euf/b/n on input line 96.
))
(/usr/local/texlive/2012/texmf-dist/tex/latex/sttools/flushend.sty
Package: flushend 1997/10/01
\@aaa=\box28
\@ccc=\box29
\@viper=\box30
\hold@viper=\box31
\atColsBreak=\toks23
\@extra@skip=\dimen117
\@nd@page@rule=\dimen118
)
(/usr/local/texlive/2012/texmf-dist/tex/latex/sttools/stfloats.sty
Package: stfloats 1999/10/22
\@dblbotnum=\count94
\c@dblbotnumber=\count95
)
(/usr/local/texlive/2012/texmf-dist/tex/latex/amscls/amsthm.sty
Package: amsthm 2009/07/02 v2.20.1
\thm@style=\toks24
\thm@bodyfont=\toks25
\thm@headfont=\toks26
\thm@notefont=\toks27
\thm@headpunct=\toks28
\thm@preskip=\skip46
\thm@postskip=\skip47
\thm@headsep=\skip48
\dth@everypar=\toks29
)
(/usr/local/texlive/2012/texmf-dist/tex/latex/changepage/chngpage.sty
Package: chngpage 2009/10/20 v1.2b change page layout
\c@cp@cnt=\count96
\c@cp@tempcnt=\count97
)
(/Users/rrosales/Library/texmf/tex/latex/psnfss/times.sty
Package: times 2002/09/08 PSNFSS-v9.0a (SPQR) 
)
\c@section=\count98
\c@subsection=\count99
\c@subsubsection=\count100
\c@paragraph=\count101
\c@subparagraph=\count102
\c@figure=\count103
\c@table=\count104
\dropfromtop=\skip49
\extraspace=\skip50
\aboveskipchk=\skip51
\abovecaptionskip=\skip52
\belowcaptionskip=\skip53
\rotdimen=\dimen119
\tempdime=\dimen120
\temptbox=\box32

(/usr/local/texlive/2012/texmf-dist/tex/latex/natbib/natbib.sty
Package: natbib 2010/09/13 8.31b (PWD, AO)
\bibhang=\skip54
\bibsep=\skip55
LaTeX Info: Redefining \cite on input line 694.
\c@NAT@ctr=\count105
))
(/usr/local/texlive/2012/texmf-dist/tex/latex/pgf/frontendlayer/tikz.sty
(/usr/local/texlive/2012/texmf-dist/tex/latex/pgf/basiclayer/pgf.sty
(/usr/local/texlive/2012/texmf-dist/tex/latex/pgf/utilities/pgfrcs.sty
(/usr/local/texlive/2012/texmf-dist/tex/generic/pgf/utilities/pgfutil-common.te
x
\pgfutil@everybye=\toks30
)
(/usr/local/texlive/2012/texmf-dist/tex/generic/pgf/utilities/pgfutil-latex.def
\pgfutil@abb=\box33
(/usr/local/texlive/2012/texmf-dist/tex/latex/ms/everyshi.sty
Package: everyshi 2001/05/15 v3.00 EveryShipout Package (MS)
))
(/usr/local/texlive/2012/texmf-dist/tex/generic/pgf/utilities/pgfrcs.code.tex
Package: pgfrcs 2010/10/25 v2.10 (rcs-revision 1.24)
))
Package: pgf 2008/01/15 v2.10 (rcs-revision 1.12)
(/usr/local/texlive/2012/texmf-dist/tex/latex/pgf/basiclayer/pgfcore.sty
(/usr/local/texlive/2012/texmf-dist/tex/latex/pgf/systemlayer/pgfsys.sty
(/usr/local/texlive/2012/texmf-dist/tex/generic/pgf/systemlayer/pgfsys.code.tex
Package: pgfsys 2010/06/30 v2.10 (rcs-revision 1.37)
(/usr/local/texlive/2012/texmf-dist/tex/generic/pgf/utilities/pgfkeys.code.tex
\pgfkeys@pathtoks=\toks31
\pgfkeys@temptoks=\toks32

(/usr/local/texlive/2012/texmf-dist/tex/generic/pgf/utilities/pgfkeysfiltered.c
ode.tex
\pgfkeys@tmptoks=\toks33
))
\pgf@x=\dimen121
\pgf@y=\dimen122
\pgf@xa=\dimen123
\pgf@ya=\dimen124
\pgf@xb=\dimen125
\pgf@yb=\dimen126
\pgf@xc=\dimen127
\pgf@yc=\dimen128
\w@pgf@writea=\write3
\r@pgf@reada=\read1
\c@pgf@counta=\count106
\c@pgf@countb=\count107
\c@pgf@countc=\count108
\c@pgf@countd=\count109

(/usr/local/texlive/2012/texmf-dist/tex/generic/pgf/systemlayer/pgf.cfg
File: pgf.cfg 2008/05/14  (rcs-revision 1.7)
)
Package pgfsys Info: Driver file for pgf: pgfsys-pdftex.def on input line 900.

(/usr/local/texlive/2012/texmf-dist/tex/generic/pgf/systemlayer/pgfsys-pdftex.d
ef
File: pgfsys-pdftex.def 2009/05/22  (rcs-revision 1.26)

(/usr/local/texlive/2012/texmf-dist/tex/generic/pgf/systemlayer/pgfsys-common-p
df.def
File: pgfsys-common-pdf.def 2008/05/19  (rcs-revision 1.10)
)))
(/usr/local/texlive/2012/texmf-dist/tex/generic/pgf/systemlayer/pgfsyssoftpath.
code.tex
File: pgfsyssoftpath.code.tex 2008/07/18  (rcs-revision 1.7)
\pgfsyssoftpath@smallbuffer@items=\count110
\pgfsyssoftpath@bigbuffer@items=\count111
)
(/usr/local/texlive/2012/texmf-dist/tex/generic/pgf/systemlayer/pgfsysprotocol.
code.tex
File: pgfsysprotocol.code.tex 2006/10/16  (rcs-revision 1.4)
)) (/usr/local/texlive/2012/texmf-dist/tex/latex/xcolor/xcolor.sty
Package: xcolor 2007/01/21 v2.11 LaTeX color extensions (UK)

(/usr/local/texlive/2012/texmf-dist/tex/latex/latexconfig/color.cfg
File: color.cfg 2007/01/18 v1.5 color configuration of teTeX/TeXLive
)
Package xcolor Info: Driver file: pdftex.def on input line 225.
LaTeX Info: Redefining \color on input line 702.
Package xcolor Info: Model `cmy' substituted by `cmy0' on input line 1337.
Package xcolor Info: Model `hsb' substituted by `rgb' on input line 1341.
Package xcolor Info: Model `RGB' extended on input line 1353.
Package xcolor Info: Model `HTML' substituted by `rgb' on input line 1355.
Package xcolor Info: Model `Hsb' substituted by `hsb' on input line 1356.
Package xcolor Info: Model `tHsb' substituted by `hsb' on input line 1357.
Package xcolor Info: Model `HSB' substituted by `hsb' on input line 1358.
Package xcolor Info: Model `Gray' substituted by `gray' on input line 1359.
Package xcolor Info: Model `wave' substituted by `hsb' on input line 1360.
)
(/usr/local/texlive/2012/texmf-dist/tex/generic/pgf/basiclayer/pgfcore.code.tex
Package: pgfcore 2010/04/11 v2.10 (rcs-revision 1.7)
(/usr/local/texlive/2012/texmf-dist/tex/generic/pgf/math/pgfmath.code.tex
(/usr/local/texlive/2012/texmf-dist/tex/generic/pgf/math/pgfmathcalc.code.tex
(/usr/local/texlive/2012/texmf-dist/tex/generic/pgf/math/pgfmathutil.code.tex)
(/usr/local/texlive/2012/texmf-dist/tex/generic/pgf/math/pgfmathparser.code.tex
\pgfmath@dimen=\dimen129
\pgfmath@count=\count112
\pgfmath@box=\box34
\pgfmath@toks=\toks34
\pgfmath@stack@operand=\toks35
\pgfmath@stack@operation=\toks36
)
(/usr/local/texlive/2012/texmf-dist/tex/generic/pgf/math/pgfmathfunctions.code.
tex
(/usr/local/texlive/2012/texmf-dist/tex/generic/pgf/math/pgfmathfunctions.basic
.code.tex)
(/usr/local/texlive/2012/texmf-dist/tex/generic/pgf/math/pgfmathfunctions.trigo
nometric.code.tex)
(/usr/local/texlive/2012/texmf-dist/tex/generic/pgf/math/pgfmathfunctions.rando
m.code.tex)
(/usr/local/texlive/2012/texmf-dist/tex/generic/pgf/math/pgfmathfunctions.compa
rison.code.tex)
(/usr/local/texlive/2012/texmf-dist/tex/generic/pgf/math/pgfmathfunctions.base.
code.tex)
(/usr/local/texlive/2012/texmf-dist/tex/generic/pgf/math/pgfmathfunctions.round
.code.tex)
(/usr/local/texlive/2012/texmf-dist/tex/generic/pgf/math/pgfmathfunctions.misc.
code.tex)))
(/usr/local/texlive/2012/texmf-dist/tex/generic/pgf/math/pgfmathfloat.code.tex
\c@pgfmathroundto@lastzeros=\count113
))
(/usr/local/texlive/2012/texmf-dist/tex/generic/pgf/basiclayer/pgfcorepoints.co
de.tex
File: pgfcorepoints.code.tex 2010/04/09  (rcs-revision 1.20)
\pgf@picminx=\dimen130
\pgf@picmaxx=\dimen131
\pgf@picminy=\dimen132
\pgf@picmaxy=\dimen133
\pgf@pathminx=\dimen134
\pgf@pathmaxx=\dimen135
\pgf@pathminy=\dimen136
\pgf@pathmaxy=\dimen137
\pgf@xx=\dimen138
\pgf@xy=\dimen139
\pgf@yx=\dimen140
\pgf@yy=\dimen141
\pgf@zx=\dimen142
\pgf@zy=\dimen143
)
(/usr/local/texlive/2012/texmf-dist/tex/generic/pgf/basiclayer/pgfcorepathconst
ruct.code.tex
File: pgfcorepathconstruct.code.tex 2010/08/03  (rcs-revision 1.24)
\pgf@path@lastx=\dimen144
\pgf@path@lasty=\dimen145
)
(/usr/local/texlive/2012/texmf-dist/tex/generic/pgf/basiclayer/pgfcorepathusage
.code.tex
File: pgfcorepathusage.code.tex 2008/04/22  (rcs-revision 1.12)
\pgf@shorten@end@additional=\dimen146
\pgf@shorten@start@additional=\dimen147
)
(/usr/local/texlive/2012/texmf-dist/tex/generic/pgf/basiclayer/pgfcorescopes.co
de.tex
File: pgfcorescopes.code.tex 2010/09/08  (rcs-revision 1.34)
\pgfpic=\box35
\pgf@hbox=\box36
\pgf@layerbox@main=\box37
\pgf@picture@serial@count=\count114
)
(/usr/local/texlive/2012/texmf-dist/tex/generic/pgf/basiclayer/pgfcoregraphicst
ate.code.tex
File: pgfcoregraphicstate.code.tex 2008/04/22  (rcs-revision 1.9)
\pgflinewidth=\dimen148
)
(/usr/local/texlive/2012/texmf-dist/tex/generic/pgf/basiclayer/pgfcoretransform
ations.code.tex
File: pgfcoretransformations.code.tex 2009/06/10  (rcs-revision 1.11)
\pgf@pt@x=\dimen149
\pgf@pt@y=\dimen150
\pgf@pt@temp=\dimen151
)
(/usr/local/texlive/2012/texmf-dist/tex/generic/pgf/basiclayer/pgfcorequick.cod
e.tex
File: pgfcorequick.code.tex 2008/10/09  (rcs-revision 1.3)
)
(/usr/local/texlive/2012/texmf-dist/tex/generic/pgf/basiclayer/pgfcoreobjects.c
ode.tex
File: pgfcoreobjects.code.tex 2006/10/11  (rcs-revision 1.2)
)
(/usr/local/texlive/2012/texmf-dist/tex/generic/pgf/basiclayer/pgfcorepathproce
ssing.code.tex
File: pgfcorepathprocessing.code.tex 2008/10/09  (rcs-revision 1.8)
)
(/usr/local/texlive/2012/texmf-dist/tex/generic/pgf/basiclayer/pgfcorearrows.co
de.tex
File: pgfcorearrows.code.tex 2008/04/23  (rcs-revision 1.11)
)
(/usr/local/texlive/2012/texmf-dist/tex/generic/pgf/basiclayer/pgfcoreshade.cod
e.tex
File: pgfcoreshade.code.tex 2008/11/23  (rcs-revision 1.13)
\pgf@max=\dimen152
\pgf@sys@shading@range@num=\count115
)
(/usr/local/texlive/2012/texmf-dist/tex/generic/pgf/basiclayer/pgfcoreimage.cod
e.tex
File: pgfcoreimage.code.tex 2010/03/25  (rcs-revision 1.16)

(/usr/local/texlive/2012/texmf-dist/tex/generic/pgf/basiclayer/pgfcoreexternal.
code.tex
File: pgfcoreexternal.code.tex 2010/09/01  (rcs-revision 1.17)
\pgfexternal@startupbox=\box38
))
(/usr/local/texlive/2012/texmf-dist/tex/generic/pgf/basiclayer/pgfcorelayers.co
de.tex
File: pgfcorelayers.code.tex 2010/08/27  (rcs-revision 1.2)
)
(/usr/local/texlive/2012/texmf-dist/tex/generic/pgf/basiclayer/pgfcoretranspare
ncy.code.tex
File: pgfcoretransparency.code.tex 2008/01/17  (rcs-revision 1.2)
)
(/usr/local/texlive/2012/texmf-dist/tex/generic/pgf/basiclayer/pgfcorepatterns.
code.tex
File: pgfcorepatterns.code.tex 2009/07/02  (rcs-revision 1.3)
)))
(/usr/local/texlive/2012/texmf-dist/tex/generic/pgf/modules/pgfmoduleshapes.cod
e.tex
File: pgfmoduleshapes.code.tex 2010/09/09  (rcs-revision 1.13)
\pgfnodeparttextbox=\box39
)
(/usr/local/texlive/2012/texmf-dist/tex/generic/pgf/modules/pgfmoduleplot.code.
tex
File: pgfmoduleplot.code.tex 2010/10/22  (rcs-revision 1.8)
)
(/usr/local/texlive/2012/texmf-dist/tex/latex/pgf/compatibility/pgfcomp-version
-0-65.sty
Package: pgfcomp-version-0-65 2007/07/03 v2.10 (rcs-revision 1.7)
\pgf@nodesepstart=\dimen153
\pgf@nodesepend=\dimen154
)
(/usr/local/texlive/2012/texmf-dist/tex/latex/pgf/compatibility/pgfcomp-version
-1-18.sty
Package: pgfcomp-version-1-18 2007/07/23 v2.10 (rcs-revision 1.1)
))
(/usr/local/texlive/2012/texmf-dist/tex/latex/pgf/utilities/pgffor.sty
(/usr/local/texlive/2012/texmf-dist/tex/latex/pgf/utilities/pgfkeys.sty
(/usr/local/texlive/2012/texmf-dist/tex/generic/pgf/utilities/pgfkeys.code.tex)
) (/usr/local/texlive/2012/texmf-dist/tex/generic/pgf/utilities/pgffor.code.tex
Package: pgffor 2010/03/23 v2.10 (rcs-revision 1.18)
\pgffor@iter=\dimen155
\pgffor@skip=\dimen156
\pgffor@stack=\toks37
\pgffor@toks=\toks38
))
(/usr/local/texlive/2012/texmf-dist/tex/generic/pgf/frontendlayer/tikz/tikz.cod
e.tex
Package: tikz 2010/10/13 v2.10 (rcs-revision 1.76)

(/usr/local/texlive/2012/texmf-dist/tex/generic/pgf/libraries/pgflibraryplothan
dlers.code.tex
File: pgflibraryplothandlers.code.tex 2010/05/31 v2.10 (rcs-revision 1.15)
\pgf@plot@mark@count=\count116
\pgfplotmarksize=\dimen157
)
\tikz@lastx=\dimen158
\tikz@lasty=\dimen159
\tikz@lastxsaved=\dimen160
\tikz@lastysaved=\dimen161
\tikzleveldistance=\dimen162
\tikzsiblingdistance=\dimen163
\tikz@figbox=\box40
\tikz@tempbox=\box41
\tikztreelevel=\count117
\tikznumberofchildren=\count118
\tikznumberofcurrentchild=\count119
\tikz@fig@count=\count120

(/usr/local/texlive/2012/texmf-dist/tex/generic/pgf/modules/pgfmodulematrix.cod
e.tex
File: pgfmodulematrix.code.tex 2010/08/24  (rcs-revision 1.4)
\pgfmatrixcurrentrow=\count121
\pgfmatrixcurrentcolumn=\count122
\pgf@matrix@numberofcolumns=\count123
)
\tikz@expandcount=\count124

(/usr/local/texlive/2012/texmf-dist/tex/generic/pgf/frontendlayer/tikz/librarie
s/tikzlibrarytopaths.code.tex
File: tikzlibrarytopaths.code.tex 2008/06/17 v2.10 (rcs-revision 1.2)
)))
(/usr/local/texlive/2012/texmf-dist/tex/latex/pgfplots/pgfplots.sty
(/usr/local/texlive/2012/texmf-dist/tex/generic/pgfplots/pgfplots.revision.tex)
Package: pgfplots 2011/12/29 v1.5.1 (git show 1.5.1-4-g53e640f )
(/usr/local/texlive/2012/texmf-dist/tex/generic/pgfplots/pgfplots.code.tex
(/usr/local/texlive/2012/texmf-dist/tex/generic/pgfplots/pgfplotscore.code.tex
\t@pgfplots@toka=\toks39
\t@pgfplots@tokb=\toks40
\t@pgfplots@tokc=\toks41
\pgfplots@tmpa=\dimen164
\c@pgfplots@coordindex=\count125
\c@pgfplots@scanlineindex=\count126

(/usr/local/texlive/2012/texmf-dist/tex/generic/pgfplots/sys/pgfplotssysgeneric
.code.tex))
(/usr/local/texlive/2012/texmf-dist/tex/generic/pgfplots/libs/pgfplotslibrary.c
ode.tex)
(/usr/local/texlive/2012/texmf-dist/tex/generic/pgfplots/oldpgfcompatib/pgfplot
soldpgfsupp_loader.code.tex
Package pgfplots: loading complementary code for your PGF version...

(/usr/local/texlive/2012/texmf-dist/tex/generic/pgfplots/oldpgfcompatib/pgfplot
soldpgfsupp_misc.code.tex)
(/usr/local/texlive/2012/texmf-dist/tex/generic/pgfplots/oldpgfcompatib/pgfplot
soldpgfsupp_pgfkeys.code.tex
\pgfkeys@pathtoks=\toks42
\pgfkeys@temptoks=\toks43

(/usr/local/texlive/2012/texmf-dist/tex/generic/pgfplots/oldpgfcompatib/pgfplot
soldpgfsupp_pgfkeysfiltered.code.tex
\pgfkeys@tmptoks=\toks44
))
(/usr/local/texlive/2012/texmf-dist/tex/generic/pgfplots/oldpgfcompatib/pgfplot
soldpgfsupp_pgfmathfloat.code.tex
\c@pgfmathroundto@lastzeros=\count127
)
(/usr/local/texlive/2012/texmf-dist/tex/generic/pgfplots/oldpgfcompatib/pgfplot
soldpgfsupp_pgflibraryplothandlers.code.tex
File: pgflibraryplothandlers.code.tex 2011/12/28 v2.10 (rcs-revision 1.16)
\pgf@plot@mark@count=\count128
\pgfplotmarksize=\dimen165
)
(/usr/local/texlive/2012/texmf-dist/tex/generic/pgfplots/oldpgfcompatib/pgfplot
soldpgfsupp_pgflibraryfpu.code.tex))
(/usr/local/texlive/2012/texmf-dist/tex/generic/pgfplots/util/pgfplotsutil.code
.tex
(/usr/local/texlive/2012/texmf-dist/tex/generic/pgfplots/liststructure/pgfplots
liststructure.code.tex)
(/usr/local/texlive/2012/texmf-dist/tex/generic/pgfplots/liststructure/pgfplots
liststructureext.code.tex)
(/usr/local/texlive/2012/texmf-dist/tex/generic/pgfplots/liststructure/pgfplots
array.code.tex
\c@pgfplotsarray@tmp=\count129
)
(/usr/local/texlive/2012/texmf-dist/tex/generic/pgfplots/liststructure/pgfplots
matrix.code.tex)
(/usr/local/texlive/2012/texmf-dist/tex/generic/pgfplots/numtable/pgfplotstable
shared.code.tex
\c@pgfplotstable@counta=\count130
\t@pgfplotstable@a=\toks45
)
(/usr/local/texlive/2012/texmf-dist/tex/generic/pgfplots/liststructure/pgfplots
deque.code.tex)
(/usr/local/texlive/2012/texmf-dist/tex/generic/pgfplots/util/pgfplotsbinary.co
de.tex)
(/usr/local/texlive/2012/texmf-dist/tex/generic/pgfplots/util/pgfplotsutil.verb
.code.tex)
(/usr/local/texlive/2012/texmf-dist/tex/generic/pgfplots/libs/pgflibrarypgfplot
s.surfshading.code.tex
\c@pgfplotslibrarysurf@no=\count131

(/usr/local/texlive/2012/texmf-dist/tex/generic/pgfplots/sys/pgflibrarypgfplots
.surfshading.pgfsys-pdftex.def)))
(/usr/local/texlive/2012/texmf-dist/tex/generic/pgfplots/util/pgfplotscolormap.
code.tex)
(/usr/local/texlive/2012/texmf-dist/tex/generic/pgfplots/pgfplotsstackedplots.c
ode.tex)
(/usr/local/texlive/2012/texmf-dist/tex/generic/pgfplots/pgfplotsplothandlers.c
ode.tex
(/usr/local/texlive/2012/texmf-dist/tex/generic/pgfplots/pgfplotsmeshplothandle
r.code.tex))
(/usr/local/texlive/2012/texmf-dist/tex/generic/pgfplots/pgfplotscoordprocessin
g.code.tex)
(/usr/local/texlive/2012/texmf-dist/tex/generic/pgfplots/pgfplotsticks.code.tex
)
(/usr/local/texlive/2012/texmf-dist/tex/generic/pgfplots/pgfplots.paths.code.te
x)
(/usr/local/texlive/2012/texmf-dist/tex/generic/pgf/frontendlayer/tikz/librarie
s/tikzlibrarydecorations.code.tex
(/usr/local/texlive/2012/texmf-dist/tex/generic/pgf/modules/pgfmoduledecoration
s.code.tex
\pgfdecoratedcompleteddistance=\dimen166
\pgfdecoratedremainingdistance=\dimen167
\pgfdecoratedinputsegmentcompleteddistance=\dimen168
\pgfdecoratedinputsegmentremainingdistance=\dimen169
\pgf@decorate@distancetomove=\dimen170
\pgf@decorate@repeatstate=\count132
\pgfdecorationsegmentamplitude=\dimen171
\pgfdecorationsegmentlength=\dimen172
)
\tikz@lib@dec@box=\box42
)
(/usr/local/texlive/2012/texmf-dist/tex/generic/pgf/frontendlayer/tikz/librarie
s/tikzlibrarydecorations.pathmorphing.code.tex
(/usr/local/texlive/2012/texmf-dist/tex/generic/pgf/libraries/decorations/pgfli
brarydecorations.pathmorphing.code.tex))
(/usr/local/texlive/2012/texmf-dist/tex/generic/pgf/frontendlayer/tikz/librarie
s/tikzlibrarydecorations.pathreplacing.code.tex
(/usr/local/texlive/2012/texmf-dist/tex/generic/pgf/libraries/decorations/pgfli
brarydecorations.pathreplacing.code.tex))
\pgfplots@numplots=\count133
\pgfplots@xmin@reg=\dimen173
\pgfplots@xmax@reg=\dimen174
\pgfplots@ymin@reg=\dimen175
\pgfplots@ymax@reg=\dimen176
\pgfplots@zmin@reg=\dimen177
\pgfplots@zmax@reg=\dimen178
)
(/usr/local/texlive/2012/texmf-dist/tex/generic/pgf/frontendlayer/tikz/librarie
s/tikzlibraryplotmarks.code.tex
File: tikzlibraryplotmarks.code.tex 2008/01/09 v2.10 (rcs-revision 1.1)

(/usr/local/texlive/2012/texmf-dist/tex/generic/pgf/libraries/pgflibraryplotmar
ks.code.tex
File: pgflibraryplotmarks.code.tex 2010/10/15 v2.10 (rcs-revision 1.12)
)))
(/usr/local/texlive/2012/texmf-dist/tex/latex/hyperref/hyperref.sty
Package: hyperref 2012/05/13 v6.82q Hypertext links for LaTeX

(/usr/local/texlive/2012/texmf-dist/tex/generic/oberdiek/hobsub-hyperref.sty
Package: hobsub-hyperref 2012/05/28 v1.13 Bundle oberdiek, subset hyperref (HO)


(/usr/local/texlive/2012/texmf-dist/tex/generic/oberdiek/hobsub-generic.sty
Package: hobsub-generic 2012/05/28 v1.13 Bundle oberdiek, subset generic (HO)
Package: hobsub 2012/05/28 v1.13 Construct package bundles (HO)
Package hobsub Info: Skipping package `infwarerr' (already loaded).
Package hobsub Info: Skipping package `ltxcmds' (already loaded).
Package: ifluatex 2010/03/01 v1.3 Provides the ifluatex switch (HO)
Package ifluatex Info: LuaTeX not detected.
Package: ifvtex 2010/03/01 v1.5 Detect VTeX and its facilities (HO)
Package ifvtex Info: VTeX not detected.
Package: intcalc 2007/09/27 v1.1 Expandable calculations with integers (HO)
Package: ifpdf 2011/01/30 v2.3 Provides the ifpdf switch (HO)
Package ifpdf Info: pdfTeX in PDF mode is detected.
Package: etexcmds 2011/02/16 v1.5 Avoid name clashes with e-TeX commands (HO)
Package etexcmds Info: Could not find \expanded.
(etexcmds)             That can mean that you are not using pdfTeX 1.50 or
(etexcmds)             that some package has redefined \expanded.
(etexcmds)             In the latter case, load this package earlier.
Package: kvsetkeys 2012/04/25 v1.16 Key value parser (HO)
Package: kvdefinekeys 2011/04/07 v1.3 Define keys (HO)
Package: pdftexcmds 2011/11/29 v0.20 Utility functions of pdfTeX for LuaTeX (HO
)
Package pdftexcmds Info: LuaTeX not detected.
Package pdftexcmds Info: \pdf@primitive is available.
Package pdftexcmds Info: \pdf@ifprimitive is available.
Package pdftexcmds Info: \pdfdraftmode found.
Package: pdfescape 2011/11/25 v1.13 Implements pdfTeX's escape features (HO)
Package: bigintcalc 2012/04/08 v1.3 Expandable calculations on big integers (HO
)
Package: bitset 2011/01/30 v1.1 Handle bit-vector datatype (HO)
Package: uniquecounter 2011/01/30 v1.2 Provide unlimited unique counter (HO)
)
Package hobsub Info: Skipping package `hobsub' (already loaded).
Package: letltxmacro 2010/09/02 v1.4 Let assignment for LaTeX macros (HO)
Package: hopatch 2012/05/28 v1.2 Wrapper for package hooks (HO)
Package: xcolor-patch 2011/01/30 xcolor patch
Package: atveryend 2011/06/30 v1.8 Hooks at the very end of document (HO)
Package atveryend Info: \prev@enddocument detected (standard20110627).
Package: atbegshi 2011/10/05 v1.16 At begin shipout hook (HO)
Package atbegshi Info: Package `crop' patched.
Package: refcount 2011/10/16 v3.4 Data extraction from label references (HO)
Package: hycolor 2011/01/30 v1.7 Color options for hyperref/bookmark (HO)
)
(/usr/local/texlive/2012/texmf-dist/tex/generic/ifxetex/ifxetex.sty
Package: ifxetex 2010/09/12 v0.6 Provides ifxetex conditional
)
(/usr/local/texlive/2012/texmf-dist/tex/latex/oberdiek/kvoptions.sty
Package: kvoptions 2011/06/30 v3.11 Key value format for package options (HO)
)
\@linkdim=\dimen179
\Hy@linkcounter=\count134
\Hy@pagecounter=\count135

(/usr/local/texlive/2012/texmf-dist/tex/latex/hyperref/pd1enc.def
File: pd1enc.def 2012/05/13 v6.82q Hyperref: PDFDocEncoding definition (HO)
)
\Hy@SavedSpaceFactor=\count136

(/usr/local/texlive/2012/texmf-dist/tex/latex/latexconfig/hyperref.cfg
File: hyperref.cfg 2002/06/06 v1.2 hyperref configuration of TeXLive
)
Package hyperref Info: Option `colorlinks' set `true' on input line 3941.
Package hyperref Info: Hyper figures OFF on input line 4062.
Package hyperref Info: Link nesting OFF on input line 4067.
Package hyperref Info: Hyper index ON on input line 4070.
Package hyperref Info: Plain pages OFF on input line 4077.
Package hyperref Info: Backreferencing OFF on input line 4082.
Package hyperref Info: Implicit mode ON; LaTeX internals redefined.
Package hyperref Info: Bookmarks ON on input line 4300.
LaTeX Info: Redefining \href on input line 4564.
\c@Hy@tempcnt=\count137

(/usr/local/texlive/2012/texmf-dist/tex/latex/url/url.sty
\Urlmuskip=\muskip11
Package: url 2006/04/12  ver 3.3  Verb mode for urls, etc.
)
LaTeX Info: Redefining \url on input line 4653.
\Fld@menulength=\count138
\Field@Width=\dimen180
\Fld@charsize=\dimen181
Package hyperref Info: Hyper figures OFF on input line 5773.
Package hyperref Info: Link nesting OFF on input line 5778.
Package hyperref Info: Hyper index ON on input line 5781.
Package hyperref Info: backreferencing OFF on input line 5788.
Package hyperref Info: Link coloring ON on input line 5791.
Package hyperref Info: Link coloring with OCG OFF on input line 5798.
Package hyperref Info: PDF/A mode OFF on input line 5803.
LaTeX Info: Redefining \ref on input line 5843.
LaTeX Info: Redefining \pageref on input line 5847.
\Hy@abspage=\count139
\c@Item=\count140
\c@Hfootnote=\count141
)

Package hyperref Message: Driver (autodetected): hpdftex.

(/usr/local/texlive/2012/texmf-dist/tex/latex/hyperref/hpdftex.def
File: hpdftex.def 2012/05/13 v6.82q Hyperref driver for pdfTeX
\Fld@listcount=\count142
\c@bookmark@seq@number=\count143

(/usr/local/texlive/2012/texmf-dist/tex/latex/oberdiek/rerunfilecheck.sty
Package: rerunfilecheck 2011/04/15 v1.7 Rerun checks for auxiliary files (HO)
Package uniquecounter Info: New unique counter `rerunfilecheck' on input line 2
82.
)
\Hy@SectionHShift=\skip56
)
(/usr/local/texlive/2012/texmf-dist/tex/latex/txfonts/txfonts.sty
Package: txfonts 2008/01/22 v3.2.1
LaTeX Font Info:    Redeclaring symbol font `operators' on input line 21.
LaTeX Font Info:    Overwriting symbol font `operators' in version `normal'
(Font)                  OT1/cmr/m/n --> OT1/txr/m/n on input line 21.
LaTeX Font Info:    Overwriting symbol font `operators' in version `bold'
(Font)                  OT1/cmr/bx/n --> OT1/txr/m/n on input line 21.
LaTeX Font Info:    Overwriting symbol font `operators' in version `bold'
(Font)                  OT1/txr/m/n --> OT1/txr/bx/n on input line 22.
\symitalic=\mathgroup6
LaTeX Font Info:    Overwriting symbol font `italic' in version `bold'
(Font)                  OT1/txr/m/it --> OT1/txr/bx/it on input line 26.
LaTeX Font Info:    Redeclaring math alphabet \mathbf on input line 29.
LaTeX Font Info:    Overwriting math alphabet `\mathbf' in version `normal'
(Font)                  OT1/cmr/bx/n --> OT1/txr/bx/n on input line 29.
LaTeX Font Info:    Overwriting math alphabet `\mathbf' in version `bold'
(Font)                  OT1/cmr/bx/n --> OT1/txr/bx/n on input line 29.
LaTeX Font Info:    Redeclaring math alphabet \mathit on input line 30.
LaTeX Font Info:    Overwriting math alphabet `\mathit' in version `normal'
(Font)                  OT1/cmr/m/it --> OT1/txr/m/it on input line 30.
LaTeX Font Info:    Overwriting math alphabet `\mathit' in version `bold'
(Font)                  OT1/cmr/bx/it --> OT1/txr/m/it on input line 30.
LaTeX Font Info:    Overwriting math alphabet `\mathit' in version `bold'
(Font)                  OT1/txr/m/it --> OT1/txr/bx/it on input line 31.
LaTeX Font Info:    Redeclaring math alphabet \mathsf on input line 40.
LaTeX Font Info:    Overwriting math alphabet `\mathsf' in version `normal'
(Font)                  OT1/cmss/m/n --> OT1/txss/m/n on input line 40.
LaTeX Font Info:    Overwriting math alphabet `\mathsf' in version `bold'
(Font)                  OT1/cmss/bx/n --> OT1/txss/m/n on input line 40.
LaTeX Font Info:    Overwriting math alphabet `\mathsf' in version `bold'
(Font)                  OT1/txss/m/n --> OT1/txss/b/n on input line 41.
LaTeX Font Info:    Redeclaring math alphabet \mathtt on input line 50.
LaTeX Font Info:    Overwriting math alphabet `\mathtt' in version `normal'
(Font)                  OT1/cmtt/m/n --> OT1/txtt/m/n on input line 50.
LaTeX Font Info:    Overwriting math alphabet `\mathtt' in version `bold'
(Font)                  OT1/cmtt/m/n --> OT1/txtt/m/n on input line 50.
LaTeX Font Info:    Overwriting math alphabet `\mathtt' in version `bold'
(Font)                  OT1/txtt/m/n --> OT1/txtt/b/n on input line 51.
LaTeX Font Info:    Redeclaring symbol font `letters' on input line 58.
LaTeX Font Info:    Overwriting symbol font `letters' in version `normal'
(Font)                  OML/cmm/m/it --> OML/txmi/m/it on input line 58.
LaTeX Font Info:    Overwriting symbol font `letters' in version `bold'
(Font)                  OML/cmm/b/it --> OML/txmi/m/it on input line 58.
LaTeX Font Info:    Overwriting symbol font `letters' in version `bold'
(Font)                  OML/txmi/m/it --> OML/txmi/bx/it on input line 59.
\symlettersA=\mathgroup7
LaTeX Font Info:    Overwriting symbol font `lettersA' in version `bold'
(Font)                  U/txmia/m/it --> U/txmia/bx/it on input line 67.
LaTeX Font Info:    Redeclaring math alphabet \mathfrak on input line 70.
LaTeX Font Info:    Redeclaring symbol font `symbols' on input line 77.
LaTeX Font Info:    Overwriting symbol font `symbols' in version `normal'
(Font)                  OMS/cmsy/m/n --> OMS/txsy/m/n on input line 77.
LaTeX Font Info:    Overwriting symbol font `symbols' in version `bold'
(Font)                  OMS/cmsy/b/n --> OMS/txsy/m/n on input line 77.
LaTeX Font Info:    Overwriting symbol font `symbols' in version `bold'
(Font)                  OMS/txsy/m/n --> OMS/txsy/bx/n on input line 78.
LaTeX Font Info:    Redeclaring symbol font `AMSa' on input line 93.
LaTeX Font Info:    Overwriting symbol font `AMSa' in version `normal'
(Font)                  U/msa/m/n --> U/txsya/m/n on input line 93.
LaTeX Font Info:    Overwriting symbol font `AMSa' in version `bold'
(Font)                  U/msa/m/n --> U/txsya/m/n on input line 93.
LaTeX Font Info:    Overwriting symbol font `AMSa' in version `bold'
(Font)                  U/txsya/m/n --> U/txsya/bx/n on input line 94.
LaTeX Font Info:    Redeclaring symbol font `AMSb' on input line 102.
LaTeX Font Info:    Overwriting symbol font `AMSb' in version `normal'
(Font)                  U/msb/m/n --> U/txsyb/m/n on input line 102.
LaTeX Font Info:    Overwriting symbol font `AMSb' in version `bold'
(Font)                  U/msb/m/n --> U/txsyb/m/n on input line 102.
LaTeX Font Info:    Overwriting symbol font `AMSb' in version `bold'
(Font)                  U/txsyb/m/n --> U/txsyb/bx/n on input line 103.
\symsymbolsC=\mathgroup8
LaTeX Font Info:    Overwriting symbol font `symbolsC' in version `bold'
(Font)                  U/txsyc/m/n --> U/txsyc/bx/n on input line 113.
LaTeX Font Info:    Redeclaring symbol font `largesymbols' on input line 129.
LaTeX Font Info:    Overwriting symbol font `largesymbols' in version `normal'
(Font)                  OMX/cmex/m/n --> OMX/cmex/m/n on input line 129.
LaTeX Font Info:    Overwriting symbol font `largesymbols' in version `bold'
(Font)                  OMX/cmex/m/n --> OMX/cmex/m/n on input line 129.
LaTeX Font Info:    Overwriting symbol font `largesymbols' in version `bold'
(Font)                  OMX/cmex/m/n --> OMX/cmex/bx/n on input line 130.
\symlargesymbolsA=\mathgroup9
LaTeX Font Info:    Overwriting symbol font `largesymbolsA' in version `bold'
(Font)                  U/txexa/m/n --> U/txexa/bx/n on input line 139.
LaTeX Info: Redefining \not on input line 1053.
LaTeX Info: Redefining \textsquare on input line 1073.
LaTeX Info: Redefining \openbox on input line 1074.
)
(/Users/rrosales/Library/texmf/tex/latex/pctex/mtpro.sty
Package: mtpro 2004/09/14 v4.0MathTimePro font support (PCTeX/WaS)
LaTeX Font Info:    Try loading font information for OT1+txr on input line 66.

(/usr/local/texlive/2012/texmf-dist/tex/latex/txfonts/ot1txr.fd
File: ot1txr.fd 2000/12/15 v3.1
)
\c@mv@heavy=\count144
LaTeX Font Info:    Redeclaring symbol font `operators' on input line 75.
LaTeX Font Info:    Overwriting symbol font `operators' in version `normal'
(Font)                  OT1/txr/m/n --> OT1/txr/m/n on input line 75.
LaTeX Font Info:    Overwriting symbol font `operators' in version `bold'
(Font)                  OT1/txr/bx/n --> OT1/txr/m/n on input line 75.
LaTeX Font Info:    Overwriting symbol font `operators' in version `heavy'
(Font)                  OT1/txr/m/n --> OT1/txr/m/n on input line 75.
LaTeX Font Info:    Redeclaring symbol font `letters' on input line 76.
LaTeX Font Info:    Encoding `OML' has changed to `MPY1' for symbol font
(Font)              `letters' in the math version `normal' on input line 76.
LaTeX Font Info:    Overwriting symbol font `letters' in version `normal'
(Font)                  OML/txmi/m/it --> MPY1/mtt/m/it on input line 76.
LaTeX Font Info:    Encoding `OML' has changed to `MPY1' for symbol font
(Font)              `letters' in the math version `bold' on input line 76.
LaTeX Font Info:    Overwriting symbol font `letters' in version `bold'
(Font)                  OML/txmi/bx/it --> MPY1/mtt/m/it on input line 76.
LaTeX Font Info:    Encoding `OML' has changed to `MPY1' for symbol font
(Font)              `letters' in the math version `heavy' on input line 76.
LaTeX Font Info:    Overwriting symbol font `letters' in version `heavy'
(Font)                  OML/txmi/m/it --> MPY1/mtt/m/it on input line 76.
LaTeX Font Info:    Redeclaring symbol font `symbols' on input line 77.
LaTeX Font Info:    Encoding `OMS' has changed to `MPY2' for symbol font
(Font)              `symbols' in the math version `normal' on input line 77.
LaTeX Font Info:    Overwriting symbol font `symbols' in version `normal'
(Font)                  OMS/txsy/m/n --> MPY2/mtt/m/n on input line 77.
LaTeX Font Info:    Encoding `OMS' has changed to `MPY2' for symbol font
(Font)              `symbols' in the math version `bold' on input line 77.
LaTeX Font Info:    Overwriting symbol font `symbols' in version `bold'
(Font)                  OMS/txsy/bx/n --> MPY2/mtt/m/n on input line 77.
LaTeX Font Info:    Encoding `OMS' has changed to `MPY2' for symbol font
(Font)              `symbols' in the math version `heavy' on input line 77.
LaTeX Font Info:    Overwriting symbol font `symbols' in version `heavy'
(Font)                  OMS/txsy/m/n --> MPY2/mtt/m/n on input line 77.
LaTeX Font Info:    Redeclaring symbol font `largesymbols' on input line 78.
LaTeX Font Info:    Encoding `OMX' has changed to `MPY3' for symbol font
(Font)              `largesymbols' in the math version `normal' on input line 7
8.
LaTeX Font Info:    Overwriting symbol font `largesymbols' in version `normal'
(Font)                  OMX/cmex/m/n --> MPY3/mtt/m/n on input line 78.
LaTeX Font Info:    Encoding `OMX' has changed to `MPY3' for symbol font
(Font)              `largesymbols' in the math version `bold' on input line 78.

LaTeX Font Info:    Overwriting symbol font `largesymbols' in version `bold'
(Font)                  OMX/cmex/bx/n --> MPY3/mtt/m/n on input line 78.
LaTeX Font Info:    Encoding `OMX' has changed to `MPY3' for symbol font
(Font)              `largesymbols' in the math version `heavy' on input line 78
.
LaTeX Font Info:    Overwriting symbol font `largesymbols' in version `heavy'
(Font)                  OMX/cmex/m/n --> MPY3/mtt/m/n on input line 78.
LaTeX Font Info:    Overwriting symbol font `operators' in version `bold'
(Font)                  OT1/txr/m/n --> OT1/txr/b/n on input line 79.
LaTeX Font Info:    Overwriting symbol font `letters' in version `bold'
(Font)                  MPY1/mtt/m/it --> MPY1/mtt/b/it on input line 80.
LaTeX Font Info:    Overwriting symbol font `symbols' in version `bold'
(Font)                  MPY2/mtt/m/n --> MPY2/mtt/b/n on input line 81.
LaTeX Font Info:    Overwriting symbol font `largesymbols' in version `bold'
(Font)                  MPY3/mtt/m/n --> MPY3/mtt/b/n on input line 82.
LaTeX Font Info:    Overwriting symbol font `symbols' in version `heavy'
(Font)                  MPY2/mtt/m/n --> MPY2/mtt/eb/n on input line 83.
LaTeX Font Info:    Overwriting symbol font `largesymbols' in version `heavy'
(Font)                  MPY3/mtt/m/n --> MPY3/mtt/eb/n on input line 84.
LaTeX Font Info:    Redeclaring math alphabet \mathbf on input line 96.
LaTeX Font Info:    Overwriting math alphabet `\mathbf' in version `normal'
(Font)                  OT1/txr/bx/n --> OT1/txr/b/n on input line 96.
LaTeX Font Info:    Overwriting math alphabet `\mathbf' in version `bold'
(Font)                  OT1/txr/bx/n --> OT1/txr/b/n on input line 96.
LaTeX Font Info:    Overwriting math alphabet `\mathbf' in version `heavy'
(Font)                  OT1/cmr/bx/n --> OT1/txr/b/n on input line 96.
LaTeX Font Info:    Redeclaring math alphabet \mathit on input line 97.
LaTeX Font Info:    Overwriting math alphabet `\mathit' in version `normal'
(Font)                  OT1/txr/m/it --> OT1/txr/m/it on input line 97.
LaTeX Font Info:    Overwriting math alphabet `\mathit' in version `bold'
(Font)                  OT1/txr/bx/it --> OT1/txr/m/it on input line 97.
LaTeX Font Info:    Overwriting math alphabet `\mathit' in version `heavy'
(Font)                  OT1/cmr/m/it --> OT1/txr/m/it on input line 97.
LaTeX Font Info:    Redeclaring math alphabet \mathsf on input line 98.
LaTeX Font Info:    Overwriting math alphabet `\mathsf' in version `normal'
(Font)                  OT1/txss/m/n --> OT1/txss/m/n on input line 98.
LaTeX Font Info:    Overwriting math alphabet `\mathsf' in version `bold'
(Font)                  OT1/txss/b/n --> OT1/txss/m/n on input line 98.
LaTeX Font Info:    Overwriting math alphabet `\mathsf' in version `heavy'
(Font)                  OT1/cmss/m/n --> OT1/txss/m/n on input line 98.
LaTeX Font Info:    Redeclaring math alphabet \mathtt on input line 99.
LaTeX Font Info:    Overwriting math alphabet `\mathtt' in version `normal'
(Font)                  OT1/txtt/m/n --> OT1/txtt/m/n on input line 99.
LaTeX Font Info:    Overwriting math alphabet `\mathtt' in version `bold'
(Font)                  OT1/txtt/b/n --> OT1/txtt/m/n on input line 99.
LaTeX Font Info:    Overwriting math alphabet `\mathtt' in version `heavy'
(Font)                  OT1/cmtt/m/n --> OT1/txtt/m/n on input line 99.
LaTeX Font Info:    Overwriting math alphabet `\mathit' in version `bold'
(Font)                  OT1/txr/m/it --> OT1/txr/b/it on input line 100.
LaTeX Font Info:    Overwriting math alphabet `\mathsf' in version `bold'
(Font)                  OT1/txss/m/n --> OT1/txss/b/n on input line 101.
LaTeX Font Info:    Overwriting math alphabet `\mathtt' in version `bold'
(Font)                  OT1/txtt/m/n --> OT1/txtt/b/n on input line 102.
LaTeX Font Info:    Overwriting math alphabet `\mathcal' in version `bold'
(Font)                  OMS/txsy/m/n --> OMS/txsy/m/n on input line 139.
LaTeX Font Info:    Redeclaring math symbol \varkappa on input line 203.
LaTeX Font Info:    Redeclaring math symbol \Delta on input line 271.
LaTeX Font Info:    Redeclaring math symbol \Theta on input line 272.
LaTeX Font Info:    Redeclaring math symbol \Lambda on input line 273.
LaTeX Font Info:    Redeclaring math symbol \Xi on input line 274.
LaTeX Font Info:    Redeclaring math symbol \Pi on input line 275.
LaTeX Font Info:    Redeclaring math symbol \Sigma on input line 276.
LaTeX Font Info:    Redeclaring math symbol \Upsilon on input line 277.
LaTeX Font Info:    Redeclaring math symbol \Phi on input line 278.
LaTeX Font Info:    Redeclaring math symbol \Psi on input line 279.
LaTeX Font Info:    Redeclaring math symbol \Omega on input line 280.
LaTeX Font Info:    Redeclaring math symbol \varGamma on input line 295.
LaTeX Font Info:    Redeclaring math symbol \varDelta on input line 296.
LaTeX Font Info:    Redeclaring math symbol \varTheta on input line 297.
LaTeX Font Info:    Redeclaring math symbol \varLambda on input line 298.
LaTeX Font Info:    Redeclaring math symbol \varXi on input line 299.
LaTeX Font Info:    Redeclaring math symbol \varPi on input line 300.
LaTeX Font Info:    Redeclaring math symbol \varSigma on input line 301.
LaTeX Font Info:    Redeclaring math symbol \varUpsilon on input line 302.
LaTeX Font Info:    Redeclaring math symbol \varPhi on input line 303.
LaTeX Font Info:    Redeclaring math symbol \varPsi on input line 304.
LaTeX Font Info:    Redeclaring math symbol \varOmega on input line 305.
LaTeX Font Info:    Redeclaring math symbol \triangleleft on input line 349.
LaTeX Font Info:    Redeclaring math symbol \triangleright on input line 350.
LaTeX Font Info:    Redeclaring math symbol \ddagger on input line 351.
LaTeX Font Info:    Redeclaring math symbol \dagger on input line 352.
LaTeX Font Info:    Redeclaring math symbol \ldotp on input line 355.
LaTeX Font Info:    Redeclaring math accent \vec on input line 366.
LaTeX Font Info:    Redeclaring math accent \grave on input line 367.
LaTeX Font Info:    Redeclaring math accent \acute on input line 368.
LaTeX Font Info:    Redeclaring math accent \check on input line 369.
LaTeX Font Info:    Redeclaring math accent \breve on input line 370.
LaTeX Font Info:    Redeclaring math accent \bar on input line 371.
LaTeX Font Info:    Redeclaring math accent \hat on input line 372.
LaTeX Font Info:    Redeclaring math accent \dot on input line 373.
LaTeX Font Info:    Redeclaring math accent \tilde on input line 374.
LaTeX Font Info:    Redeclaring math accent \ddot on input line 375.
LaTeX Font Info:    Redeclaring math accent \mathring on input line 376.
LaTeX Font Info:    Redeclaring math symbol \braceld on input line 377.
LaTeX Font Info:    Redeclaring math symbol \bracerd on input line 378.
LaTeX Font Info:    Redeclaring math symbol \bracelu on input line 379.
LaTeX Font Info:    Redeclaring math symbol \braceru on input line 380.
LaTeX Font Info:    Redeclaring math symbol \mathparagraph on input line 381.
LaTeX Font Info:    Redeclaring math symbol \mathsection on input line 382.
LaTeX Font Info:    Redeclaring math symbol \hslash on input line 387.
LaTeX Font Info:    Redeclaring math symbol \digamma on input line 388.
LaTeX Info: Redefining \yen on input line 390.
LaTeX Font Info:    Redeclaring math symbol \hbar on input line 410.
LaTeX Font Info:    Redeclaring math symbol \iintop on input line 485.
LaTeX Font Info:    Redeclaring math symbol \iiintop on input line 486.
LaTeX Font Info:    Redeclaring math symbol \oiintop on input line 487.
LaTeX Font Info:    Redeclaring math symbol \oiiintop on input line 488.
\prePbox@=\box43
\Pbox@=\box44
\LRbox@=\box45
\HATbox@=\box46
\TDbox@=\box47
\CHbox@=\box48
\preSbox@=\box49
\Sbox@=\box50
\SQcount@=\count145
\SQRTbox@=\box51
\UPROOT@=\count146
\LEFTROOT@=\count147
\maxXLscripts@=\dimen182
\X@count=\count148
\XLtype@=\count149
)
(/Users/rrosales/Library/texmf/tex/latex/pctex/mtpams.sty
Package: mtpams 2005/01/31 v4.1 MathTimePro Supplement A support (WaS)
LaTeX Font Info:    Redeclaring math alphabet \mathbb on input line 30.
LaTeX Font Info:    Overwriting math alphabet `\mathbb' in version `bold'
(Font)                  U/mthrb/m/n --> U/mthrb/b/n on input line 31.
LaTeX Font Info:    Redeclaring math symbol \imath on input line 36.
LaTeX Font Info:    Redeclaring math symbol \jmath on input line 37.
LaTeX Font Info:    Redeclaring symbol font `AMSa' on input line 38.
LaTeX Font Info:    Overwriting symbol font `AMSa' in version `normal'
(Font)                  U/txsya/m/n --> U/mtsya/m/n on input line 38.
LaTeX Font Info:    Overwriting symbol font `AMSa' in version `bold'
(Font)                  U/txsya/bx/n --> U/mtsya/m/n on input line 38.
LaTeX Font Info:    Overwriting symbol font `AMSa' in version `heavy'
(Font)                  U/txsya/m/n --> U/mtsya/m/n on input line 38.
LaTeX Font Info:    Overwriting symbol font `AMSa' in version `bold'
(Font)                  U/mtsya/m/n --> U/mtsya/b/n on input line 39.
LaTeX Font Info:    Overwriting symbol font `AMSa' in version `heavy'
(Font)                  U/mtsya/m/n --> U/mtsya/eb/n on input line 41.
LaTeX Font Info:    Redeclaring math delimiter \ulcorner on input line 57.
LaTeX Font Info:    Redeclaring math delimiter \urcorner on input line 58.
LaTeX Font Info:    Redeclaring math delimiter \llcorner on input line 59.
LaTeX Font Info:    Redeclaring math delimiter \lrcorner on input line 60.
LaTeX Font Info:    Redeclaring math symbol \dashleftarrow on input line 61.
LaTeX Font Info:    Redeclaring math symbol \dashrightarrow on input line 62.
LaTeX Font Info:    Redeclaring math symbol \boxdot on input line 66.
LaTeX Font Info:    Redeclaring math symbol \boxplus on input line 67.
LaTeX Font Info:    Redeclaring math symbol \boxtimes on input line 68.
LaTeX Font Info:    Redeclaring math symbol \square on input line 69.
LaTeX Font Info:    Redeclaring math symbol \blacksquare on input line 70.
LaTeX Font Info:    Redeclaring math symbol \centerdot on input line 71.
LaTeX Font Info:    Redeclaring math symbol \lozenge on input line 72.
LaTeX Font Info:    Redeclaring math symbol \blacklozenge on input line 73.
LaTeX Font Info:    Redeclaring math symbol \circlearrowright on input line 74.

LaTeX Font Info:    Redeclaring math symbol \circlearrowleft on input line 75.
LaTeX Font Info:    Redeclaring math symbol \leftrightharpoons on input line 76
.
LaTeX Font Info:    Redeclaring math symbol \boxminus on input line 77.
LaTeX Font Info:    Redeclaring math symbol \Vdash on input line 78.
LaTeX Font Info:    Redeclaring math symbol \Vvdash on input line 79.
LaTeX Font Info:    Redeclaring math symbol \vDash on input line 80.
LaTeX Font Info:    Redeclaring math symbol \twoheadrightarrow on input line 81
.
LaTeX Font Info:    Redeclaring math symbol \twoheadleftarrow on input line 82.

LaTeX Font Info:    Redeclaring math symbol \leftleftarrows on input line 83.
LaTeX Font Info:    Redeclaring math symbol \rightrightarrows on input line 84.

LaTeX Font Info:    Redeclaring math symbol \upuparrows on input line 85.
LaTeX Font Info:    Redeclaring math symbol \downdownarrows on input line 86.
LaTeX Font Info:    Redeclaring math symbol \upharpoonright on input line 87.
LaTeX Font Info:    Redeclaring math symbol \downharpoonright on input line 89.

LaTeX Font Info:    Redeclaring math symbol \upharpoonleft on input line 90.
LaTeX Font Info:    Redeclaring math symbol \downharpoonleft on input line 91.
LaTeX Font Info:    Redeclaring math symbol \rightarrowtail on input line 92.
LaTeX Font Info:    Redeclaring math symbol \leftarrowtail on input line 93.
LaTeX Font Info:    Redeclaring math symbol \leftrightarrows on input line 94.
LaTeX Font Info:    Redeclaring math symbol \rightleftarrows on input line 95.
LaTeX Font Info:    Redeclaring math symbol \Lsh on input line 96.
LaTeX Font Info:    Redeclaring math symbol \Rsh on input line 97.
LaTeX Font Info:    Redeclaring math symbol \rightsquigarrow on input line 98.
LaTeX Font Info:    Redeclaring math symbol \leftrightsquigarrow on input line 
99.
LaTeX Font Info:    Redeclaring math symbol \looparrowleft on input line 100.
LaTeX Font Info:    Redeclaring math symbol \looparrowright on input line 101.
LaTeX Font Info:    Redeclaring math symbol \circeq on input line 102.
LaTeX Font Info:    Redeclaring math symbol \succsim on input line 103.
LaTeX Font Info:    Redeclaring math symbol \gtrsim on input line 104.
LaTeX Font Info:    Redeclaring math symbol \gtrapprox on input line 105.
LaTeX Font Info:    Redeclaring math symbol \multimap on input line 106.
LaTeX Font Info:    Redeclaring math symbol \therefore on input line 107.
LaTeX Font Info:    Redeclaring math symbol \because on input line 108.
LaTeX Font Info:    Redeclaring math symbol \doteqdot on input line 109.
LaTeX Font Info:    Redeclaring math symbol \triangleq on input line 111.
LaTeX Font Info:    Redeclaring math symbol \precsim on input line 112.
LaTeX Font Info:    Redeclaring math symbol \lesssim on input line 113.
LaTeX Font Info:    Redeclaring math symbol \lessapprox on input line 114.
LaTeX Font Info:    Redeclaring math symbol \eqslantless on input line 115.
LaTeX Font Info:    Redeclaring math symbol \eqslantgtr on input line 116.
LaTeX Font Info:    Redeclaring math symbol \curlyeqprec on input line 117.
LaTeX Font Info:    Redeclaring math symbol \curlyeqsucc on input line 118.
LaTeX Font Info:    Redeclaring math symbol \preccurlyeq on input line 119.
LaTeX Font Info:    Redeclaring math symbol \leqq on input line 120.
LaTeX Font Info:    Redeclaring math symbol \leqslant on input line 121.
LaTeX Font Info:    Redeclaring math symbol \lessgtr on input line 122.
LaTeX Font Info:    Redeclaring math symbol \backprime on input line 123.
LaTeX Font Info:    Redeclaring math symbol \risingdotseq on input line 124.
LaTeX Font Info:    Redeclaring math symbol \fallingdotseq on input line 125.
LaTeX Font Info:    Redeclaring math symbol \succcurlyeq on input line 126.
LaTeX Font Info:    Redeclaring math symbol \geqq on input line 127.
LaTeX Font Info:    Redeclaring math symbol \geqslant on input line 128.
LaTeX Font Info:    Redeclaring math symbol \gtrless on input line 129.
LaTeX Font Info:    Redeclaring math symbol \vartriangleright on input line 132
.
LaTeX Font Info:    Redeclaring math symbol \vartriangleleft on input line 133.

LaTeX Font Info:    Redeclaring math symbol \trianglerighteq on input line 134.

LaTeX Font Info:    Redeclaring math symbol \trianglelefteq on input line 135.
LaTeX Font Info:    Redeclaring math symbol \bigstar on input line 136.
LaTeX Font Info:    Redeclaring math symbol \between on input line 137.
LaTeX Font Info:    Redeclaring math symbol \blacktriangledown on input line 13
8.
LaTeX Font Info:    Redeclaring math symbol \blacktriangleright on input line 1
39.
LaTeX Font Info:    Redeclaring math symbol \blacktriangleleft on input line 14
0.
LaTeX Font Info:    Redeclaring math symbol \vartriangle on input line 141.
LaTeX Font Info:    Redeclaring math symbol \blacktriangle on input line 142.
LaTeX Font Info:    Redeclaring math symbol \triangledown on input line 143.
LaTeX Font Info:    Redeclaring math symbol \eqcirc on input line 144.
LaTeX Font Info:    Redeclaring math symbol \lesseqgtr on input line 145.
LaTeX Font Info:    Redeclaring math symbol \gtreqless on input line 146.
LaTeX Font Info:    Redeclaring math symbol \lesseqqgtr on input line 147.
LaTeX Font Info:    Redeclaring math symbol \gtreqqless on input line 148.
LaTeX Font Info:    Redeclaring math symbol \Rrightarrow on input line 149.
LaTeX Font Info:    Redeclaring math symbol \Lleftarrow on input line 150.
LaTeX Font Info:    Redeclaring math symbol \veebar on input line 151.
LaTeX Font Info:    Redeclaring math symbol \barwedge on input line 152.
LaTeX Font Info:    Redeclaring math symbol \doublebarwedge on input line 153.
LaTeX Font Info:    Redeclaring math symbol \measuredangle on input line 154.
LaTeX Font Info:    Redeclaring math symbol \sphericalangle on input line 155.
LaTeX Font Info:    Redeclaring math symbol \varpropto on input line 156.
LaTeX Font Info:    Redeclaring math symbol \smallsmile on input line 157.
LaTeX Font Info:    Redeclaring math symbol \smallfrown on input line 158.
LaTeX Font Info:    Redeclaring math symbol \Subset on input line 159.
LaTeX Font Info:    Redeclaring math symbol \Supset on input line 160.
LaTeX Font Info:    Redeclaring math symbol \Cup on input line 161.
LaTeX Font Info:    Redeclaring math symbol \Cap on input line 163.
LaTeX Font Info:    Redeclaring math symbol \curlywedge on input line 165.
LaTeX Font Info:    Redeclaring math symbol \curlyvee on input line 166.
LaTeX Font Info:    Redeclaring math symbol \leftthreetimes on input line 167.
LaTeX Font Info:    Redeclaring math symbol \rightthreetimes on input line 168.

LaTeX Font Info:    Redeclaring math symbol \subseteqq on input line 169.
LaTeX Font Info:    Redeclaring math symbol \supseteqq on input line 170.
LaTeX Font Info:    Redeclaring math symbol \bumpeq on input line 171.
LaTeX Font Info:    Redeclaring math symbol \Bumpeq on input line 172.
LaTeX Font Info:    Redeclaring math symbol \lll on input line 173.
LaTeX Font Info:    Redeclaring math symbol \ggg on input line 175.
LaTeX Font Info:    Redeclaring math symbol \circledS on input line 177.
LaTeX Font Info:    Redeclaring math symbol \pitchfork on input line 178.
LaTeX Font Info:    Redeclaring math symbol \dotplus on input line 179.
LaTeX Font Info:    Redeclaring math symbol \backsim on input line 180.
LaTeX Font Info:    Redeclaring math symbol \backsimeq on input line 181.
LaTeX Font Info:    Redeclaring math symbol \complement on input line 182.
LaTeX Font Info:    Redeclaring math symbol \intercal on input line 183.
LaTeX Font Info:    Redeclaring math symbol \circledcirc on input line 184.
LaTeX Font Info:    Redeclaring math symbol \circledast on input line 185.
LaTeX Font Info:    Redeclaring math symbol \circleddash on input line 186.
LaTeX Font Info:    Redeclaring math symbol \lvertneqq on input line 190.
LaTeX Font Info:    Redeclaring math symbol \gvertneqq on input line 191.
LaTeX Font Info:    Redeclaring math symbol \lneqq on input line 192.
LaTeX Font Info:    Redeclaring math symbol \gneqq on input line 193.
LaTeX Font Info:    Redeclaring math symbol \nleqslant on input line 194.
LaTeX Font Info:    Redeclaring math symbol \ngeqslant on input line 195.
LaTeX Font Info:    Redeclaring math symbol \lneq on input line 196.
LaTeX Font Info:    Redeclaring math symbol \gneq on input line 197.
LaTeX Font Info:    Redeclaring math symbol \npreceq on input line 198.
LaTeX Font Info:    Redeclaring math symbol \nsucceq on input line 199.
LaTeX Font Info:    Redeclaring math symbol \precnsim on input line 200.
LaTeX Font Info:    Redeclaring math symbol \succnsim on input line 201.
LaTeX Font Info:    Redeclaring math symbol \lnsim on input line 202.
LaTeX Font Info:    Redeclaring math symbol \gnsim on input line 203.
LaTeX Font Info:    Redeclaring math symbol \nleqq on input line 204.
LaTeX Font Info:    Redeclaring math symbol \ngeqq on input line 205.
LaTeX Font Info:    Redeclaring math symbol \precneqq on input line 206.
LaTeX Font Info:    Redeclaring math symbol \succneqq on input line 207.
LaTeX Font Info:    Redeclaring math symbol \precnapprox on input line 208.
LaTeX Font Info:    Redeclaring math symbol \succnapprox on input line 209.
LaTeX Font Info:    Redeclaring math symbol \lnapprox on input line 210.
LaTeX Font Info:    Redeclaring math symbol \gnapprox on input line 211.
LaTeX Font Info:    Redeclaring math symbol \nsim on input line 212.
LaTeX Font Info:    Redeclaring math symbol \diagup on input line 213.
LaTeX Font Info:    Redeclaring math symbol \diagdown on input line 214.
LaTeX Font Info:    Redeclaring math symbol \varsubsetneq on input line 215.
LaTeX Font Info:    Redeclaring math symbol \varsupsetneq on input line 216.
LaTeX Font Info:    Redeclaring math symbol \nsubseteqq on input line 217.
LaTeX Font Info:    Redeclaring math symbol \nsupseteqq on input line 218.
LaTeX Font Info:    Redeclaring math symbol \subsetneqq on input line 219.
LaTeX Font Info:    Redeclaring math symbol \supsetneqq on input line 220.
LaTeX Font Info:    Redeclaring math symbol \varsubsetneqq on input line 221.
LaTeX Font Info:    Redeclaring math symbol \varsupsetneqq on input line 222.
LaTeX Font Info:    Redeclaring math symbol \subsetneq on input line 223.
LaTeX Font Info:    Redeclaring math symbol \supsetneq on input line 224.
LaTeX Font Info:    Redeclaring math symbol \nsubseteq on input line 225.
LaTeX Font Info:    Redeclaring math symbol \nsupseteq on input line 226.
LaTeX Font Info:    Redeclaring math symbol \nparallel on input line 227.
LaTeX Font Info:    Redeclaring math symbol \nmid on input line 228.
LaTeX Font Info:    Redeclaring math symbol \nshortmid on input line 229.
LaTeX Font Info:    Redeclaring math symbol \nshortparallel on input line 230.
LaTeX Font Info:    Redeclaring math symbol \nvdash on input line 231.
LaTeX Font Info:    Redeclaring math symbol \nVdash on input line 232.
LaTeX Font Info:    Redeclaring math symbol \nvDash on input line 233.
LaTeX Font Info:    Redeclaring math symbol \nVDash on input line 234.
LaTeX Font Info:    Redeclaring math symbol \ntrianglerighteq on input line 235
.
LaTeX Font Info:    Redeclaring math symbol \ntrianglelefteq on input line 236.

LaTeX Font Info:    Redeclaring math symbol \ntriangleleft on input line 237.
LaTeX Font Info:    Redeclaring math symbol \ntriangleright on input line 238.
LaTeX Font Info:    Redeclaring math symbol \nleftarrow on input line 239.
LaTeX Font Info:    Redeclaring math symbol \nrightarrow on input line 240.
LaTeX Font Info:    Redeclaring math symbol \nLeftarrow on input line 241.
LaTeX Font Info:    Redeclaring math symbol \nRightarrow on input line 242.
LaTeX Font Info:    Redeclaring math symbol \nLeftrightarrow on input line 243.

LaTeX Font Info:    Redeclaring math symbol \nleftrightarrow on input line 244.

LaTeX Font Info:    Redeclaring math symbol \divideontimes on input line 245.
LaTeX Font Info:    Redeclaring math symbol \varnothing on input line 246.
LaTeX Font Info:    Redeclaring math symbol \nexists on input line 247.
LaTeX Font Info:    Redeclaring math symbol \Finv on input line 248.
LaTeX Font Info:    Redeclaring math symbol \Game on input line 249.
LaTeX Font Info:    Redeclaring math symbol \eth on input line 251.
LaTeX Font Info:    Redeclaring math symbol \eqsim on input line 252.
LaTeX Font Info:    Redeclaring math symbol \beth on input line 253.
LaTeX Font Info:    Redeclaring math symbol \gimel on input line 254.
LaTeX Font Info:    Redeclaring math symbol \daleth on input line 255.
LaTeX Font Info:    Redeclaring math symbol \lessdot on input line 256.
LaTeX Font Info:    Redeclaring math symbol \gtrdot on input line 257.
LaTeX Font Info:    Redeclaring math symbol \ltimes on input line 258.
LaTeX Font Info:    Redeclaring math symbol \rtimes on input line 259.
LaTeX Font Info:    Redeclaring math symbol \shortmid on input line 260.
LaTeX Font Info:    Redeclaring math symbol \shortparallel on input line 261.
LaTeX Font Info:    Redeclaring math symbol \thicksim on input line 263.
LaTeX Font Info:    Redeclaring math symbol \thickapprox on input line 264.
LaTeX Font Info:    Redeclaring math symbol \approxeq on input line 265.
LaTeX Font Info:    Redeclaring math symbol \succapprox on input line 266.
LaTeX Font Info:    Redeclaring math symbol \precapprox on input line 267.
LaTeX Font Info:    Redeclaring math symbol \curvearrowleft on input line 268.
LaTeX Font Info:    Redeclaring math symbol \curvearrowright on input line 269.

LaTeX Font Info:    Redeclaring math symbol \backepsilon on input line 271.
LaTeX Font Info:    Redeclaring math symbol \nsqsubset on input line 272.
LaTeX Font Info:    Redeclaring math symbol \nsqsupset on input line 273.
) (./enrichment.aux)
\openout1 = `enrichment.aux'.

LaTeX Font Info:    Checking defaults for OML/txmi/m/it on input line 39.
LaTeX Font Info:    Try loading font information for OML+txmi on input line 39.


(/usr/local/texlive/2012/texmf-dist/tex/latex/txfonts/omltxmi.fd
File: omltxmi.fd 2000/12/15 v3.1
)
LaTeX Font Info:    ... okay on input line 39.
LaTeX Font Info:    Checking defaults for T1/cmr/m/n on input line 39.
LaTeX Font Info:    ... okay on input line 39.
LaTeX Font Info:    Checking defaults for OT1/cmr/m/n on input line 39.
LaTeX Font Info:    ... okay on input line 39.
LaTeX Font Info:    Checking defaults for OMS/txsy/m/n on input line 39.
LaTeX Font Info:    Try loading font information for OMS+txsy on input line 39.


(/usr/local/texlive/2012/texmf-dist/tex/latex/txfonts/omstxsy.fd
File: omstxsy.fd 2000/12/15 v3.1
)
LaTeX Font Info:    ... okay on input line 39.
LaTeX Font Info:    Checking defaults for OMX/cmex/m/n on input line 39.
LaTeX Font Info:    ... okay on input line 39.
LaTeX Font Info:    Checking defaults for U/txexa/m/n on input line 39.
LaTeX Font Info:    Try loading font information for U+txexa on input line 39.

(/usr/local/texlive/2012/texmf-dist/tex/latex/txfonts/utxexa.fd
File: utxexa.fd 2000/12/15 v3.1
)
LaTeX Font Info:    ... okay on input line 39.
LaTeX Font Info:    Checking defaults for PD1/pdf/m/n on input line 39.
LaTeX Font Info:    ... okay on input line 39.
LaTeX Font Info:    Checking defaults for MPY1/mtt/m/it on input line 39.
LaTeX Font Info:    Try loading font information for MPY1+mtt on input line 39.


(/Users/rrosales/Library/texmf/tex/latex/pctex/mpy1mtt.fd
File: mpy1mtt.fd 2004/09/14 v4.0MathTimePro Encoding 1 (WaS)
)
LaTeX Font Info:    ... okay on input line 39.
LaTeX Font Info:    Checking defaults for MPY2/mtt/m/n on input line 39.
LaTeX Font Info:    Try loading font information for MPY2+mtt on input line 39.


(/Users/rrosales/Library/texmf/tex/latex/pctex/mpy2mtt.fd
File: mpy2mtt.fd 2004/09/14 v4.0MathTimePro Encoding 2 (WaS)
)
LaTeX Font Info:    ... okay on input line 39.
LaTeX Font Info:    Checking defaults for MPY3/mtt/m/n on input line 39.
LaTeX Font Info:    Try loading font information for MPY3+mtt on input line 39.


(/Users/rrosales/Library/texmf/tex/latex/pctex/mpy3mtt.fd
File: mpy3mtt.fd 2004/09/14 v4.0MathTimePro Encoding 3 (WaS)
)
LaTeX Font Info:    ... okay on input line 39.

(/usr/local/texlive/2012/texmf-dist/tex/context/base/supp-pdf.mkii
[Loading MPS to PDF converter (version 2006.09.02).]
\scratchcounter=\count150
\scratchdimen=\dimen183
\scratchbox=\box52
\nofMPsegments=\count151
\nofMParguments=\count152
\everyMPshowfont=\toks46
\MPscratchCnt=\count153
\MPscratchDim=\dimen184
\MPnumerator=\count154
\makeMPintoPDFobject=\count155
\everyMPtoPDFconversion=\toks47
) (/usr/local/texlive/2012/texmf-dist/tex/latex/oberdiek/epstopdf-base.sty
Package: epstopdf-base 2010/02/09 v2.5 Base part for package epstopdf

(/usr/local/texlive/2012/texmf-dist/tex/latex/oberdiek/grfext.sty
Package: grfext 2010/08/19 v1.1 Manage graphics extensions (HO)
)
Package grfext Info: Graphics extension search list:
(grfext)             [.png,.pdf,.jpg,.mps,.jpeg,.jbig2,.jb2,.PNG,.PDF,.JPG,.JPE
G,.JBIG2,.JB2,.eps]
(grfext)             \AppendGraphicsExtensions on input line 452.

(/usr/local/texlive/2012/texmf-dist/tex/latex/latexconfig/epstopdf-sys.cfg
File: epstopdf-sys.cfg 2010/07/13 v1.3 Configuration of (r)epstopdf for TeX Liv
e
))
Package crop Info: requested driver: `' on input line 39.
Package crop Info: detected driver: `pdftex' on input line 39.
Package crop Info: using `pdftex' graphics driver on input line 39.

ABD: EveryShipout initializing macros
\AtBeginShipoutBox=\box53
Package hyperref Info: Link coloring ON on input line 39.

(/usr/local/texlive/2012/texmf-dist/tex/latex/hyperref/nameref.sty
Package: nameref 2010/04/30 v2.40 Cross-referencing by name of section

(/usr/local/texlive/2012/texmf-dist/tex/generic/oberdiek/gettitlestring.sty
Package: gettitlestring 2010/12/03 v1.4 Cleanup title references (HO)
)
\c@section@level=\count156
)
LaTeX Info: Redefining \ref on input line 39.
LaTeX Info: Redefining \pageref on input line 39.
LaTeX Info: Redefining \nameref on input line 39.

(./enrichment.out) (./enrichment.out)
\@outlinefile=\write4
\openout4 = `enrichment.out'.

LaTeX Font Info:    Try loading font information for OT1+phv on input line 62.

(/Users/rrosales/Library/texmf/tex/latex/psnfss/ot1phv.fd
File: ot1phv.fd 2001/06/04 scalable font definitions for OT1/phv.
)
LaTeX Font Info:    Font shape `OT1/phv/m/it' in size <9> not available
(Font)              Font shape `OT1/phv/m/sl' tried instead on input line 62.
LaTeX Font Info:    Font shape `OT1/phv/bx/it' in size <9> not available
(Font)              Font shape `OT1/phv/b/it' tried instead on input line 62.
LaTeX Font Info:    Font shape `OT1/phv/b/it' in size <9> not available
(Font)              Font shape `OT1/phv/b/sl' tried instead on input line 62.
LaTeX Font Info:    Font shape `OT1/phv/bx/it' in size <19> not available
(Font)              Font shape `OT1/phv/b/it' tried instead on input line 62.
LaTeX Font Info:    Font shape `OT1/phv/b/it' in size <19> not available
(Font)              Font shape `OT1/phv/b/sl' tried instead on input line 62.
LaTeX Font Info:    Font shape `OT1/phv/m/it' in size <8> not available
(Font)              Font shape `OT1/phv/m/sl' tried instead on input line 62.
LaTeX Font Info:    Font shape `OT1/phv/bx/n' in size <9> not available
(Font)              Font shape `OT1/phv/b/n' tried instead on input line 62.
LaTeX Font Info:    Font shape `OT1/phv/bx/n' in size <16> not available
(Font)              Font shape `OT1/phv/b/n' tried instead on input line 62.
LaTeX Font Info:    Calculating math sizes for size <13> on input line 62.
LaTeX Font Info:    Try loading font information for U+mtsya on input line 62.

(/Users/rrosales/Library/texmf/tex/latex/pctex/umtsya.fd
File: umtsya.fd 2005/01/31 v4.1 MathTimePro AMS Symbols (WaS)
)
LaTeX Font Info:    Try loading font information for U+txsyb on input line 62.

(/usr/local/texlive/2012/texmf-dist/tex/latex/txfonts/utxsyb.fd
File: utxsyb.fd 2000/12/15 v3.1
)
LaTeX Font Info:    Try loading font information for U+txmia on input line 62.

(/usr/local/texlive/2012/texmf-dist/tex/latex/txfonts/utxmia.fd
File: utxmia.fd 2000/12/15 v3.1
)
LaTeX Font Info:    Try loading font information for U+txsyc on input line 62.

(/usr/local/texlive/2012/texmf-dist/tex/latex/txfonts/utxsyc.fd
File: utxsyc.fd 2000/12/15 v3.1
)
LaTeX Font Info:    Calculating math sizes for size <9.09996> on input line 62.


Underfull \hbox (badness 10000) detected at line 62
[]
 []

LaTeX Font Info:    Try loading font information for OT1+txss on input line 62.

(/usr/local/texlive/2012/texmf-dist/tex/latex/txfonts/ot1txss.fd
File: ot1txss.fd 2000/12/15 v3.1
)
LaTeX Font Info:    Font shape `OT1/txss/m/n' will be
(Font)              scaled to size 7.59998pt on input line 62.
LaTeX Font Info:    Font shape `OT1/txss/b/n' will be
(Font)              scaled to size 7.59998pt on input line 62.
LaTeX Font Info:    Font shape `OT1/txss/bx/n' in size <8> not available
(Font)              Font shape `OT1/txss/b/n' tried instead on input line 63.
LaTeX Font Info:    Font shape `OT1/txss/b/n' will be
(Font)              scaled to size 7.59998pt on input line 63.
LaTeX Font Info:    Try loading font information for OT1+txtt on input line 65.


(/usr/local/texlive/2012/texmf-dist/tex/latex/txfonts/ot1txtt.fd
File: ot1txtt.fd 2000/12/15 v3.1
)
LaTeX Font Info:    Font shape `OT1/phv/bx/n' in size <10> not available
(Font)              Font shape `OT1/phv/b/n' tried instead on input line 70.

Underfull \hbox (badness 1533) in paragraph at lines 71--79
\OT1/txr/m/n/9 retrotransposition in human cancers [][]Lee \OT1/txr/m/it/9 et a
l.[][] \OT1/txr/m/n/9 ([][]2012[][]), AID-
 []


Underfull \hbox (badness 2495) in paragraph at lines 100--106
[]\OT1/txr/m/n/9 Our work has some intersection whit the computation of
 []


Underfull \hbox (badness 2698) in paragraph at lines 107--113
\OT1/txr/m/n/9 influence the selection of target site selection are not well
 []


Underfull \hbox (badness 1237) in paragraph at lines 107--113
\OT1/txr/m/n/9 regions, we introduce a new method (\OT1/txr/m/it/9 k-enrich\OT1
/txr/m/n/9 ) to provide a
 []

LaTeX Font Info:    Font shape `OT1/txss/m/n' will be
(Font)              scaled to size 8.54997pt on input line 116.
LaTeX Font Info:    Font shape `OT1/txss/m/n' will be
(Font)              scaled to size 6.64998pt on input line 116.
LaTeX Font Info:    Font shape `OT1/txss/m/n' will be
(Font)              scaled to size 5.22498pt on input line 116.
(./figs/fig1.tex
(/usr/local/texlive/2012/texmf-dist/tex/generic/pgf/frontendlayer/tikz/librarie
s/tikzlibraryarrows.code.tex
File: tikzlibraryarrows.code.tex 2008/01/09 v2.10 (rcs-revision 1.1)

(/usr/local/texlive/2012/texmf-dist/tex/generic/pgf/libraries/pgflibraryarrows.
code.tex
File: pgflibraryarrows.code.tex 2008/10/27 v2.10 (rcs-revision 1.9)
\arrowsize=\dimen185
))
(/usr/local/texlive/2012/texmf-dist/tex/generic/pgf/frontendlayer/tikz/librarie
s/tikzlibraryshapes.code.tex
File: tikzlibraryshapes.code.tex 2008/01/09 v2.10 (rcs-revision 1.1)

(/usr/local/texlive/2012/texmf-dist/tex/generic/pgf/frontendlayer/tikz/librarie
s/tikzlibraryshapes.geometric.code.tex
File: tikzlibraryshapes.geometric.code.tex 2008/01/09 v2.10 (rcs-revision 1.1)

(/usr/local/texlive/2012/texmf-dist/tex/generic/pgf/libraries/shapes/pgflibrary
shapes.geometric.code.tex
File: pgflibraryshapes.geometric.code.tex 2008/06/26 v2.10 (rcs-revision 1.1)
))
(/usr/local/texlive/2012/texmf-dist/tex/generic/pgf/frontendlayer/tikz/librarie
s/tikzlibraryshapes.misc.code.tex
File: tikzlibraryshapes.misc.code.tex 2008/01/09 v2.10 (rcs-revision 1.1)

(/usr/local/texlive/2012/texmf-dist/tex/generic/pgf/libraries/shapes/pgflibrary
shapes.misc.code.tex
File: pgflibraryshapes.misc.code.tex 2008/10/07 v2.10 (rcs-revision 1.3)
))
(/usr/local/texlive/2012/texmf-dist/tex/generic/pgf/frontendlayer/tikz/librarie
s/tikzlibraryshapes.symbols.code.tex
File: tikzlibraryshapes.symbols.code.tex 2008/01/09 v2.10 (rcs-revision 1.1)

(/usr/local/texlive/2012/texmf-dist/tex/generic/pgf/libraries/shapes/pgflibrary
shapes.symbols.code.tex
File: pgflibraryshapes.symbols.code.tex 2009/10/27 v2.10 (rcs-revision 1.3)
))
(/usr/local/texlive/2012/texmf-dist/tex/generic/pgf/frontendlayer/tikz/librarie
s/tikzlibraryshapes.arrows.code.tex
File: tikzlibraryshapes.arrows.code.tex 2008/01/09 v2.10 (rcs-revision 1.1)

(/usr/local/texlive/2012/texmf-dist/tex/generic/pgf/libraries/shapes/pgflibrary
shapes.arrows.code.tex
File: pgflibraryshapes.arrows.code.tex 2008/06/26 v2.10 (rcs-revision 1.1)
))
(/usr/local/texlive/2012/texmf-dist/tex/generic/pgf/frontendlayer/tikz/librarie
s/tikzlibraryshapes.callouts.code.tex
(/usr/local/texlive/2012/texmf-dist/tex/generic/pgf/libraries/shapes/pgflibrary
shapes.callouts.code.tex))
(/usr/local/texlive/2012/texmf-dist/tex/generic/pgf/frontendlayer/tikz/librarie
s/tikzlibraryshapes.multipart.code.tex
File: tikzlibraryshapes.multipart.code.tex 2008/01/09 v2.10 (rcs-revision 1.1)

(/usr/local/texlive/2012/texmf-dist/tex/generic/pgf/libraries/shapes/pgflibrary
shapes.multipart.code.tex
File: pgflibraryshapes.multipart.code.tex 2010/01/07 v2.10 (rcs-revision 1.2)
\pgfnodepartlowerbox=\box54
\pgfnodeparttwobox=\box55
\pgfnodepartthreebox=\box56
\pgfnodepartfourbox=\box57
\pgfnodeparttwentybox=\box58
\pgfnodepartnineteenbox=\box59
\pgfnodeparteighteenbox=\box60
\pgfnodepartseventeenbox=\box61
\pgfnodepartsixteenbox=\box62
\pgfnodepartfifteenbox=\box63
\pgfnodepartfourteenbox=\box64
\pgfnodepartthirteenbox=\box65
\pgfnodeparttwelvebox=\box66
\pgfnodepartelevenbox=\box67
\pgfnodeparttenbox=\box68
\pgfnodepartninebox=\box69
\pgfnodeparteightbox=\box70
\pgfnodepartsevenbox=\box71
\pgfnodepartsixbox=\box72
\pgfnodepartfivebox=\box73
)))
(/usr/local/texlive/2012/texmf-dist/tex/generic/pgf/frontendlayer/tikz/librarie
s/tikzlibrarysnakes.code.tex
File: tikzlibrarysnakes.code.tex 2008/02/05 v2.10 (rcs-revision 1.6)


Package tikz Warning: Snakes have been superseded by decorations. Please use th
e decoration libraries instead of the snakes library on input line 14.


(/usr/local/texlive/2012/texmf-dist/tex/generic/pgf/frontendlayer/tikz/librarie
s/tikzlibrarydecorations.shapes.code.tex
(/usr/local/texlive/2012/texmf-dist/tex/generic/pgf/libraries/decorations/pgfli
brarydecorations.shapes.code.tex)))
(/usr/local/texlive/2012/texmf-dist/tex/generic/pgf/frontendlayer/tikz/librarie
s/tikzlibraryautomata.code.tex
File: tikzlibraryautomata.code.tex 2008/07/14 v2.10 (rcs-revision 1.3)
)
(/usr/local/texlive/2012/texmf-dist/tex/generic/pgf/frontendlayer/tikz/librarie
s/tikzlibrarybackgrounds.code.tex
File: tikzlibrarybackgrounds.code.tex 2010/02/08 v2.10 (rcs-revision 1.2)
\pgf@layerbox@background=\box74
\pgf@layerboxsaved@background=\box75
)
(/usr/local/texlive/2012/texmf-dist/tex/generic/pgf/frontendlayer/tikz/librarie
s/tikzlibrarypetri.code.tex
File: tikzlibrarypetri.code.tex 2008/06/18 v2.10 (rcs-revision 1.2)
)
LaTeX Font Info:    Font shape `OT1/txss/bx/n' in size <9> not available
(Font)              Font shape `OT1/txss/b/n' tried instead on input line 15.
LaTeX Font Info:    Font shape `OT1/txss/b/n' will be
(Font)              scaled to size 8.54997pt on input line 15.
)
Underfull \hbox (badness 10000) in paragraph at lines 167--181
[][]
 []


Underfull \hbox (badness 10000) in paragraph at lines 167--181

 []

LaTeX Font Info:    Font shape `OT1/txss/m/n' will be
(Font)              scaled to size 5.69998pt on input line 181.
LaTeX Font Info:    Font shape `OT1/txss/m/n' will be
(Font)              scaled to size 4.74998pt on input line 181.
LaTeX Font Info:    Try loading font information for MPY2+phv on input line 190
.
LaTeX Font Info:    No file MPY2phv.fd. on input line 190.
LaTeX Font Warning: Font shape `MPY2/phv/m/n' undefined
(Font)              using `MPY2/mtt/m/n' instead on input line 190.
[1

{/Users/rrosales/Library/texlive/2012/texmf-var/fonts/map/pdftex/updmap/pdftex.
map}


]
LaTeX Font Info:    Font shape `OT1/txr/b/n' in size <10> not available
(Font)              Font shape `OT1/txr/bx/n' tried instead on input line 224.

Underfull \hbox (badness 1264) in paragraph at lines 225--237
\OT1/txr/m/n/9 expressing retrovirus (denoted hereafter as AID$[]$) and (ii) a
 []


Overfull \hbox (7.65897pt too wide) in paragraph at lines 245--251
\OT1/txr/m/n/9 activation-induced cytidine deaminase (AID). Recurrent chromosom
al
 []

LaTeX Font Info:    Font shape `OT1/phv/bx/n' in size <8> not available
(Font)              Font shape `OT1/phv/b/n' tried instead on input line 279.
LaTeX Font Info:    Font shape `OT1/phv/bx/it' in size <8> not available
(Font)              Font shape `OT1/phv/b/it' tried instead on input line 279.
LaTeX Font Info:    Font shape `OT1/phv/b/it' in size <8> not available
(Font)              Font shape `OT1/phv/b/sl' tried instead on input line 279.

Overfull \hbox (261.0pt too wide) has occurred while \output is active
[][] 
 []


Overfull \vbox (1.0pt too high) has occurred while \output is active []


Overfull \hbox (261.0pt too wide) has occurred while \output is active
[][] 
 []

[2] (./enrichment.bbl
LaTeX Font Info:    Font shape `OT1/phv/bx/n' in size <7> not available
(Font)              Font shape `OT1/phv/b/n' tried instead on input line 1.

Underfull \hbox (badness 1715) in paragraph at lines 51--54
[]\OT1/txr/m/n/7 Nussenzweig, A. and Nussenzweig, M. C. (2010).  Origin of chro
mosomal
 []

)
Underfull \vbox (badness 10000) has occurred while \output is active []

Extra height:21.52249pt when 240.26125pt

Underfull \vbox (badness 10000) has occurred while \output is active []

Extra height:21.52249pt when 241.26125pt

Underfull \vbox (badness 10000) has occurred while \output is active []

Extra height:21.52249pt when 242.26125pt

Underfull \vbox (badness 10000) has occurred while \output is active []

Extra height:21.52249pt when 243.26125pt
Extra height:0.0pt when 244.26125pt
(2)Left:244.26125pt Right:237.52249pt Output:244.26125pt
- LAST -
Extra skip:0.0pt
Left:244.26125pt
Right:237.52249pt
Output:244.26125pt

Overfull \hbox (261.0pt too wide) has occurred while \output is active
[][] 
 []


Overfull \vbox (1.0pt too high) has occurred while \output is active []

 [3

]
Package atveryend Info: Empty hook `BeforeClearDocument' on input line 292.
Package atveryend Info: Empty hook `AfterLastShipout' on input line 292.

(./enrichment.aux)
Package atveryend Info: Executing hook `AtVeryEndDocument' on input line 292.
Package atveryend Info: Executing hook `AtEndAfterFileList' on input line 292.
Package rerunfilecheck Info: File `enrichment.out' has not changed.
(rerunfilecheck)             Checksum: 2A5E053296358C7B7C60D50CDCC4607B;256.
LaTeX Font Warning: Some font shapes were not available, defaults substituted.
Package atveryend Info: Empty hook `AtVeryVeryEnd' on input line 292.
 ) 
Here is how much of TeX's memory you used:
 25058 strings out of 493488
 553327 string characters out of 3141327
 771803 words of memory out of 8000000
 27755 multiletter control sequences out of 15000+200000
 175583 words of font info for 220 fonts, out of 3000000 for 9000
 961 hyphenation exceptions out of 8191
 56i,16n,93p,694b,2750s stack positions out of 5000i,500n,10000p,200000b,50000s
{/usr/local/texlive/2012/texmf-dist/fonts/enc/dvips/base/8r.enc}</Users/rrosa
les/Library/texmf/fonts/type1/pctex/mtpro/mnmif.pfb></Users/rrosales/Library/te
xmf/fonts/type1/pctex/mtpro/mnmis.pfb></Users/rrosales/Library/texmf/fonts/type
1/pctex/mtpro/mnmit.pfb></Users/rrosales/Library/texmf/fonts/type1/pctex/mtpro/
mtexa.pfb></Users/rrosales/Library/texmf/fonts/type1/pctex/mtpro/mtsyf.pfb></Us
ers/rrosales/Library/texmf/fonts/type1/pctex/mtpro/mtsys.pfb></Users/rrosales/L
ibrary/texmf/fonts/type1/pctex/mtpro/mtsyt.pfb></usr/local/texlive/2012/texmf-d
ist/fonts/type1/public/txfonts/rtxr.pfb></usr/local/texlive/2012/texmf-dist/fon
ts/type1/public/txfonts/txsy.pfb></usr/local/texlive/2012/texmf-dist/fonts/type
1/public/txfonts/txtt.pfb></usr/local/texlive/2012/texmf-dist/fonts/type1/urw/h
elvetic/uhvb8a.pfb></usr/local/texlive/2012/texmf-dist/fonts/type1/urw/helvetic
/uhvbo8a.pfb></usr/local/texlive/2012/texmf-dist/fonts/type1/urw/helvetic/uhvr8
a.pfb></usr/local/texlive/2012/texmf-dist/fonts/type1/urw/helvetic/uhvro8a.pfb>
</usr/local/texlive/2012/texmf-dist/fonts/type1/urw/times/utmb8a.pfb></usr/loca
l/texlive/2012/texmf-dist/fonts/type1/urw/times/utmr8a.pfb></usr/local/texlive/
2012/texmf-dist/fonts/type1/urw/times/utmri8a.pfb></Users/rrosales/Library/texm
f/fonts/type1/pctex/mtpro/xtamt.pfb></Users/rrosales/Library/texmf/fonts/type1/
pctex/mtpro/xtbmt.pfb></Users/rrosales/Library/texmf/fonts/type1/pctex/mtpro/xt
cmt.pfb>
Output written on enrichment.pdf (3 pages, 152709 bytes).
PDF statistics:
 180 PDF objects out of 1000 (max. 8388607)
 153 compressed objects within 2 object streams
 23 named destinations out of 1000 (max. 500000)
 53 words of extra memory for PDF output out of 10000 (max. 10000000)

